

times in msec
 clock   self+sourced   self:  sourced script
 clock   elapsed:              other lines

000.030  000.030: --- NVIM STARTING ---
000.117  000.087: event init
000.286  000.169: early init
008.252  007.966: locale set
008.335  000.083: init first window
009.101  000.766: inits 1
009.401  000.300: window checked
009.425  000.024: parsing arguments
010.789  000.482  000.482: require('vim.shared')
011.867  000.431  000.431: require('vim._options')
011.879  001.074  000.643: require('vim._editor')
011.887  001.782  000.226: require('vim._init_packages')
011.904  000.697: init lua interpreter
012.630  000.726: expanding arguments
012.692  000.062: inits 2
013.246  000.554: init highlight
013.254  000.007: waiting for UI
013.592  000.338: done waiting for UI
013.618  000.027: clear screen
013.899  000.281: init default mappings & autocommands
015.539  000.142  000.142: sourcing C:\msys64\mingw64\share\nvim\runtime\ftplugin.vim
015.914  000.082  000.082: sourcing C:\msys64\mingw64\share\nvim\runtime\indent.vim
016.201  002.077: sourcing vimrc file(s)
016.742  000.353  000.353: sourcing C:\msys64\mingw64\share\nvim\runtime\filetype.lua
017.435  000.211  000.211: sourcing C:\msys64\mingw64\share\nvim\runtime\syntax\synload.vim
018.095  001.136  000.924: sourcing C:\msys64\mingw64\share\nvim\runtime\syntax\syntax.vim
020.565  000.407  000.407: sourcing C:\msys64\mingw64\share\nvim\runtime\plugin\gzip.vim
020.788  000.045  000.045: sourcing C:\msys64\mingw64\share\nvim\runtime\plugin\health.vim
022.442  000.344  000.344: sourcing C:\msys64\mingw64\share\nvim\runtime\pack\dist\opt\matchit\plugin\matchit.vim
022.829  001.879  001.534: sourcing C:\msys64\mingw64\share\nvim\runtime\plugin\matchit.vim
023.200  000.238  000.238: sourcing C:\msys64\mingw64\share\nvim\runtime\plugin\matchparen.vim
023.945  000.583  000.583: sourcing C:\msys64\mingw64\share\nvim\runtime\plugin\netrwPlugin.vim
024.795  000.613  000.613: sourcing C:\msys64\mingw64\share\nvim\runtime\plugin\rplugin.vim
025.083  000.110  000.110: sourcing C:\msys64\mingw64\share\nvim\runtime\plugin\shada.vim
025.327  000.050  000.050: sourcing C:\msys64\mingw64\share\nvim\runtime\plugin\spellfile.vim
025.744  000.238  000.238: sourcing C:\msys64\mingw64\share\nvim\runtime\plugin\tarPlugin.vim
026.075  000.152  000.152: sourcing C:\msys64\mingw64\share\nvim\runtime\plugin\tohtml.vim
026.296  000.046  000.046: sourcing C:\msys64\mingw64\share\nvim\runtime\plugin\tutor.vim
026.740  000.256  000.256: sourcing C:\msys64\mingw64\share\nvim\runtime\plugin\zipPlugin.vim
027.865  000.111  000.111: sourcing C:\msys64\mingw64\share\nvim\runtime\plugin\editorconfig.lua
028.258  000.215  000.215: sourcing C:\msys64\mingw64\share\nvim\runtime\plugin\man.lua
028.652  000.157  000.157: sourcing C:\msys64\mingw64\share\nvim\runtime\plugin\nvim.lua
028.737  005.946: loading rtp plugins
029.358  000.621: loading packages
030.885  001.526: loading after plugins
030.922  000.038: inits 3
035.294  004.372: reading ShaDa
035.870  000.576: opening buffers
036.156  000.286: BufEnter autocommands
036.169  000.013: editing files in windows
036.590  000.421: VimEnter autocommands
036.600  000.010: UIEnter autocommands
038.642  002.042: before starting main loop
042.159  003.517: first screen update
042.170  000.011: --- NVIM STARTED ---


times in msec
 clock   self+sourced   self:  sourced script
 clock   elapsed:              other lines

000.069  000.069: --- NVIM STARTING ---
000.284  000.215: event init
000.514  000.231: early init
009.794  009.280: locale set
009.912  000.118: init first window
010.922  001.010: inits 1
011.666  000.744: window checked
011.691  000.025: parsing arguments
013.071  000.514  000.514: require('vim.shared')
014.252  000.473  000.473: require('vim._options')
014.265  001.179  000.706: require('vim._editor')
014.273  001.934  000.241: require('vim._init_packages')
014.291  000.666: init lua interpreter
019.170  004.879: expanding arguments
019.245  000.075: inits 2
019.966  000.721: init highlight
